20241012	04:24:50	4ea4de1b-b5bb-459e-8dec-2904bb09110a	GET	/	undefined
20241012	04:24:50	2f6f85f8-cd01-4e91-9dc2-1a4db5f40b13	GET	/css/style.css	undefined
20241012	04:37:34	c2b358e9-023c-4cd7-a5bd-8ca9a69a53ea	GET	/	undefined
20241012	04:37:34	827731a1-2328-4ef5-934f-c279cfafeaf8	GET	/css/style.css	undefined
20241012	04:43:29	a4905ad5-7119-4e50-b3ec-5593cb7ed63c	GET	/	undefined
20241012	04:43:29	adb50ad8-5eec-4b09-87d7-2004e491dde1	GET	/css/style.css	undefined
20241015	23:01:36	80dd7eca-c035-407d-9566-bdf5c551db6a	GET	/	undefined
20241015	23:01:36	f06aa40a-3448-4c55-91ce-06a4703e2828	GET	/css/style.css	undefined
20241015	23:01:57	a5ac41d6-5e22-46c5-bdd5-02286760b6ee	GET	/api/user/all	undefined
20241015	23:02:52	2f4765a8-0056-4ecb-85d4-e293708b0c85	GET	/api/user/all	undefined
20241015	23:04:46	c9987701-db5b-43a6-8b72-9810a06f220b	GET	/api/user/all	undefined
20241015	23:06:37	50602252-016a-4d54-a100-473295d67ddb	POST	/api/user/store	undefined
20241015	23:07:10	c0242468-1e5d-46cf-bccf-3087262f51e2	GET	/api/user/all	undefined
20241015	23:09:23	d125b433-48b8-40e7-9fd4-737c9e5873ab	GET	/api/user/view	undefined
20241015	23:11:05	bbc13a37-12b4-4a0d-b5d2-02bc7b0554c5	GET	/api/user/view/670eaf2dd9d7c73d3196f683	undefined
20241015	23:11:11	a349362e-b0c4-40e2-bb69-601bb8082657	GET	/api/user/view/670eaf2dd9d7c73d3196f6833	undefined
20241015	23:12:01	b02482cd-3853-47aa-82bd-d3a4641fb978	GET	/api/user/view/670eaf2dd9d7c73d3196f683	undefined
20241015	23:13:29	4f1a410a-4241-456a-959a-7e2ad2e00985	GET	/api/user/update	undefined
20241015	23:14:05	f745439f-3d63-48d3-a95d-559d16129e84	PATCH	/api/user/update	undefined
20241015	23:14:27	12d7d68f-37ef-4352-a8dc-b1bb0f22d0b2	GET	/api/user/all	undefined
20241015	23:14:58	ed60667c-087d-488d-906e-1c592745f232	PATCH	/api/user/update	undefined
20241015	23:15:32	06b02881-81f4-4d7f-a4ab-90a1dd770385	PATCH	/api/user/update	undefined
20241015	23:16:56	8e86c4fd-86e3-4c7a-b36d-b6fb41ed2062	POST	/api/user/store	undefined
20241015	23:17:07	55d0d9da-fc7b-484e-b4d8-f88a6c304176	GET	/api/user/destroy	undefined
20241015	23:17:15	1987e754-4998-45a3-ab9d-f12160be32ed	DELETE	/api/user/destroy	undefined
20241015	23:17:55	35dd07a1-7d9a-409c-ae22-b0b340bb9916	DELETE	/api/user/destroy	undefined
20241015	23:19:03	d54115c6-7721-457b-95a9-9899452570b7	DELETE	/api/user/destroy/670eb198f253e24e981bf46a	undefined
20241015	23:19:07	0bd5a263-ef71-4d06-9f95-c787cac6b011	DELETE	/api/user/destroy/670eb198f253e24e981bf46a	undefined
20241015	23:19:07	12ebe37c-eb9a-49e2-b7a4-0c79642cd19d	DELETE	/api/user/destroy/670eb198f253e24e981bf46a	undefined
20241015	23:19:08	7adcd46d-ace0-4573-b4af-9d6e4f4afda2	DELETE	/api/user/destroy/670eb198f253e24e981bf46a	undefined
20241015	23:19:28	345b9915-9734-4211-ac09-ec4d284ff45c	DELETE	/api/user/destroy/670eb198f253e24e981bf46a	undefined
20241015	23:19:44	e338c942-7c2e-4b08-9289-b6de48c17762	DELETE	/api/user/destroy/670eb198f253e24e981bf46a	undefined
20241015	23:23:53	36872b5f-8f01-49a3-b419-f34e605db033	GET	/api/user/all	undefined
20241015	23:24:16	ca4551e1-3a0f-4515-8b63-bf0d4c8a5a04	GET	/api/user/view/670eb198f253e24e981bf46a	undefined
20241015	23:24:27	2b022f4d-204a-48e0-a02f-330eb3904b73	DELETE	/api/user/destroy/670eb198f253e24e981bf46a	undefined
20241015	23:27:19	1385b83a-398d-4e3c-a0ff-40303870a529	DELETE	/api/user/destroy/670eb198f253e24e981bf46a	undefined
20241015	23:28:29	95dbaeba-1f6e-49c7-9800-ffc3ae88bc60	DELETE	/api/user/destroy/670eb198f253e24e981bf46a	undefined
20241016	03:50:32	1da7a806-0a8f-4ef1-99c3-8a462cd93b97	DELETE	/api/user/destroy/670eb198f253e24e981bf46a	undefined
20241016	03:50:56	ec5a5d5d-fe4b-414b-9d9c-2052b24a7a89	GET	/api/user/all	undefined
20241018	04:22:23	4b3ce0b5-1c90-46cf-b853-d2f253098e3c	GET	/api/social/all	undefined
20241018	04:44:40	f53ccb23-25ff-4c24-ac31-e069f3c4db81	GET	/api/user/all	undefined
20241018	04:45:55	6e1d8a9e-e5d7-4eff-968a-58b033769e42	POST	/api/social/store	undefined
20241018	04:46:12	1396b70e-68c4-4b66-ab9c-91a6d15e1b48	GET	/api/social/all	undefined
20241018	04:51:15	1e816ccd-5f61-42a9-877b-b52c4e55259f	POST	/api/social/store	undefined
20241018	04:51:40	a0ca109f-797f-4934-9dfd-b44eac8b1214	POST	/api/social/store	undefined
20241018	04:51:42	36a32a98-0ac6-4583-a75a-c96b6e5cd7ef	POST	/api/social/store	undefined
20241018	04:51:50	18ce39c0-4550-4c19-8229-d334bea0671c	GET	/api/social/all	undefined
20241018	04:51:52	4fc770ab-d566-424d-9b99-366596dee27e	GET	/api/social/all	undefined
20241018	04:54:24	e1dc02e2-184c-4da5-af0d-ba218d83ed85	POST	/api/social/store	undefined
20241018	04:55:43	f518b166-012f-4e1c-8747-616af82b8bbd	POST	/api/social/store	undefined
20241018	04:56:21	b8e38ea8-2046-49c5-a645-ddde2877055b	POST	/api/social/store	undefined
20241018	04:56:50	03133a36-9597-4a7e-93de-aeaa226fbdc5	POST	/api/social/store	undefined
20241018	04:57:43	705c78a7-ba81-4d2d-a2df-adc6c5b976a7	POST	/api/social/store	undefined
20241018	04:57:58	657e978e-873f-4e4d-82b3-e6b5a4c5eb99	GET	/api/social/all	undefined
20241018	04:58:38	d606ae84-7e34-4f00-8e52-23abbf0c6ab6	POST	/api/social/store	undefined
20241018	04:58:49	e5f41ffe-0487-4d84-a4b1-a2e4c99fe38d	POST	/api/social/store	undefined
20241018	05:00:41	c590aabf-c1c7-4be4-b602-84e6e7a30198	GET	/api/social/all	undefined
20241018	05:02:04	8c296a65-a4c5-44e8-b58c-3a7e2913a839	GET	/api/social/all	undefined
20241018	05:03:12	d07e1374-4a0c-4d70-a3db-263b17116ab6	GET	/api/social/all	undefined
20241018	05:03:30	7ad732f9-0145-491d-a819-945606e5cddf	POST	/api/user/store	undefined
20241018	05:04:45	1478c1d5-d0f1-4fe6-a8b5-c39066218307	GET	/api/social/view/670eaf2dd9d7c73d3196f683	undefined
20241018	05:05:18	44d838af-0e38-443b-9a84-c4af23a667b3	GET	/api/social/view/670eaf2dd9d7c73d3196f683	undefined
20241018	05:07:02	80b3d30a-b7a7-4f10-a4c8-fa1b03e3bd45	GET	/api/social/view/670eaf2dd9d7c73d3196f683	undefined
20241018	05:08:24	568be2c5-83c0-4f84-9060-c1a1411dfa23	GET	/api/social/view/670eaf2dd9d7c73d3196f683	undefined
20241018	05:12:30	ad83e841-486e-4177-8ccb-e2925d2d4e00	GET	/api/social/view/670eaf2dd9d7c73d3196f683	undefined
20241018	05:15:04	bb6cb107-b6c2-4b6c-a284-5f4c5b9a690b	GET	/api/social/view/670eaf2dd9d7c73d3196f683	undefined
20241018	05:34:46	627fa495-8748-46a7-8927-d54e763aed37	PUT	/api/social/update	undefined
20241018	05:34:52	a74cc765-24c0-408a-91a0-49eea2674a58	PUT	/api/social/update	undefined
20241018	05:37:14	93509e1e-f8a8-46ad-8709-02433099a4e0	PUT	/api/social/update	undefined
20241018	05:37:22	043caeec-f8d7-4af4-bec5-fbc386df7d00	GET	/api/social/all	undefined
20241018	05:37:45	45243a20-daa3-4d69-979c-f4e6a3416404	PUT	/api/social/update	undefined
20241018	05:37:50	87207a93-e46a-4060-ac1d-c2b9dc15baf5	GET	/api/social/all	undefined
20241018	05:38:06	cdffdab4-4f00-46c1-9156-c9499759bd1a	PUT	/api/social/update	undefined
20241018	05:40:37	45203251-19db-48bd-a339-ae0f8bb14299	PUT	/api/social/update	undefined
20241018	05:41:59	752d5712-e7bc-4d2e-a591-5feb737c7c20	PUT	/api/social/update	undefined
20241018	05:42:11	4df0643b-a373-49b3-9ab6-dd08b676bc67	PUT	/api/social/update	undefined
20241018	05:42:18	abbd0a91-8a12-4821-99a1-c08600de0e31	PUT	/api/social/update	undefined
20241018	05:42:19	d17d5dc3-9568-4f45-834e-9620cd19a6c5	PUT	/api/social/update	undefined
20241018	05:42:41	b839c28c-d2f9-4c09-b6f9-c573ce546045	PUT	/api/social/update	undefined
